\BOOKMARK [1][-]{section.1}{\376\377\137\025\212\000}{}% 1
\BOOKMARK [2][-]{subsection.1.1}{\376\377\170\024\172\166\200\314\146\157}{section.1}% 2
\BOOKMARK [2][-]{subsection.1.2}{\376\377\145\160\143\156\147\145\156\220}{section.1}% 3
\BOOKMARK [1][-]{section.2}{\376\377\145\160\143\156\230\204\131\004\164\006}{}% 4
\BOOKMARK [2][-]{subsection.2.1}{\376\377\145\160\143\156\122\240\217\175\116\016\156\005\155\027}{section.2}% 5
\BOOKMARK [2][-]{subsection.2.2}{\376\377\145\160\143\156\143\242\175\042}{section.2}% 6
\BOOKMARK [1][-]{section.3}{\376\377\143\317\217\360\140\047\176\337\213\241}{}% 7
\BOOKMARK [2][-]{subsection.3.1}{\376\377\145\160\120\074\127\213\123\330\221\317\176\337\213\241}{section.3}% 8
\BOOKMARK [2][-]{subsection.3.2}{\376\377\122\006\174\173\123\330\221\317\176\337\213\241}{section.3}% 9
\BOOKMARK [1][-]{section.4}{\376\377\123\357\211\306\123\026\122\006\147\220}{}% 10
\BOOKMARK [2][-]{subsection.4.1}{\376\377\123\125\123\330\221\317\122\006\147\220}{section.4}% 11
\BOOKMARK [2][-]{subsection.4.2}{\376\377\131\032\123\330\221\317\122\006\147\220}{section.4}% 12
\BOOKMARK [1][-]{section.5}{\376\377\120\107\213\276\150\300\232\214}{}% 13
\BOOKMARK [2][-]{subsection.5.1}{\376\377\227\136\123\302\145\160\150\300\232\214\377\032\000M\000a\000n\000n\000-\000W\000h\000i\000t\000n\000e\000y\000\040\000U\000\040\150\300\232\214}{section.5}% 14
\BOOKMARK [1][-]{section.6}{\376\377\145\160\143\156\136\372\152\041}{}% 15
\BOOKMARK [2][-]{subsection.6.1}{\376\377\220\073\217\221\126\336\137\122}{section.6}% 16
\BOOKMARK [2][-]{subsection.6.2}{\376\377\152\041\127\213\211\343\221\312\116\016\116\064\136\212\141\017\116\111}{section.6}% 17
\BOOKMARK [2][-]{subsection.6.3}{\376\377\152\041\127\213\134\100\226\120\140\047}{section.6}% 18
\BOOKMARK [2][-]{subsection.6.4}{\376\377\136\372\213\256\136\372\152\041\145\271\124\021}{section.6}% 19
\BOOKMARK [1][-]{appendix.A}{\376\377\116\343\170\001\226\104\137\125}{}% 20
\BOOKMARK [2][-]{subsection.A.1}{\376\377\145\160\143\156\230\204\131\004\164\006\116\343\170\001}{appendix.A}% 21
\BOOKMARK [3][-]{subsubsection.A.1.1}{\376\377\000P\000y\000t\000h\000o\000n\145\160\143\156\122\240\217\175\116\016\156\005\155\027}{subsection.A.1}% 22
\BOOKMARK [3][-]{subsubsection.A.1.2}{\376\377\000R\145\160\143\156\122\240\217\175\116\016\156\005\155\027}{subsection.A.1}% 23
\BOOKMARK [2][-]{subsection.A.2}{\376\377\143\317\217\360\140\047\176\337\213\241\116\343\170\001}{appendix.A}% 24
\BOOKMARK [3][-]{subsubsection.A.2.1}{\376\377\000P\000y\000t\000h\000o\000n\143\317\217\360\140\047\176\337\213\241}{subsection.A.2}% 25
\BOOKMARK [3][-]{subsubsection.A.2.2}{\376\377\000R\143\317\217\360\140\047\176\337\213\241}{subsection.A.2}% 26
\BOOKMARK [2][-]{subsection.A.3}{\376\377\123\357\211\306\123\026\122\006\147\220\116\343\170\001}{appendix.A}% 27
\BOOKMARK [3][-]{subsubsection.A.3.1}{\376\377\000P\000y\000t\000h\000o\000n\123\125\123\330\221\317\123\357\211\306\123\026}{subsection.A.3}% 28
\BOOKMARK [3][-]{subsubsection.A.3.2}{\376\377\000P\000y\000t\000h\000o\000n\131\032\123\330\221\317\123\357\211\306\123\026}{subsection.A.3}% 29
\BOOKMARK [3][-]{subsubsection.A.3.3}{\376\377\000R\123\357\211\306\123\026\116\343\170\001}{subsection.A.3}% 30
\BOOKMARK [2][-]{subsection.A.4}{\376\377\120\107\213\276\150\300\232\214\116\343\170\001}{appendix.A}% 31
\BOOKMARK [3][-]{subsubsection.A.4.1}{\376\377\000P\000y\000t\000h\000o\000n\000\040\000M\000a\000n\000n\000-\000W\000h\000i\000t\000n\000e\000y\000\040\000U\000\040\150\300\232\214\116\343\170\001}{subsection.A.4}% 32
\BOOKMARK [2][-]{subsection.A.5}{\376\377\145\160\143\156\136\372\152\041\116\343\170\001}{appendix.A}% 33
\BOOKMARK [3][-]{subsubsection.A.5.1}{\376\377\000P\000y\000t\000h\000o\000n\000\040\220\073\217\221\126\336\137\122\136\372\152\041\116\343\170\001}{subsection.A.5}% 34
\BOOKMARK [1][-]{appendix.B}{\376\377\145\160\143\156\133\127\121\170}{}% 35
